<?xml version="1.0" encoding="UTF-8"?>
<!-- Generated by org.testng.reporters.JUnitXMLReporter -->
<testsuite ignored="0" hostname="Nawaz" failures="0" tests="4" name="Test" time="0.088" errors="0" timestamp="2023-01-18T10:40:51 IST">
  <testcase classname="pratice.Sample2" name="test3" time="0.014"/>
  <testcase classname="pratice.Sample2" name="test4" time="0.001"/>
  <testcase classname="pratice.Sample1" name="test1" time="0.002"/>
  <testcase classname="pratice.Sample1" name="test2" time="0.002"/>
</testsuite> <!-- Test -->
